Added Component: Designator=C1(6-0805_L)
Add component. Clean all parameters for all variants
Add component (AddParameter): Name = "PackageReference"; Value = "CAPR5-4X5"; VariantName = "[No Variations]"
Add component (AddParameter): Name = "Published"; Value = "23-Sep-2002"; VariantName = "[No Variations]"
Add component (AddParameter): Name = "Publisher"; Value = "Altium Limited"; VariantName = "[No Variations]"
Add component (AddParameter): Name = "Value"; Value = "10uF"; VariantName = "[No Variations]"
Added Component: Designator=C2(6-0805_L)
Add component. Clean all parameters for all variants
Add component (AddParameter): Name = "PackageReference"; Value = "CAPR5-4X5"; VariantName = "[No Variations]"
Add component (AddParameter): Name = "Published"; Value = "23-Sep-2002"; VariantName = "[No Variations]"
Add component (AddParameter): Name = "Publisher"; Value = "Altium Limited"; VariantName = "[No Variations]"
Add component (AddParameter): Name = "Value"; Value = "10uF"; VariantName = "[No Variations]"
Added Component: Designator=ESP1(ESP-07)
Add component. Clean all parameters for all variants
Added Component: Designator=P1(HDR1X3)
Add component. Clean all parameters for all variants
Add component (AddParameter): Name = "LatestRevisionDate"; Value = "17-Jul-2002"; VariantName = "[No Variations]"
Add component (AddParameter): Name = "LatestRevisionNote"; Value = "Re-released for DXP Platform."; VariantName = "[No Variations]"
Add component (AddParameter): Name = "Publisher"; Value = "Altium Limited"; VariantName = "[No Variations]"
Added Component: Designator=P2(HDR1X4)
Add component. Clean all parameters for all variants
Add component (AddParameter): Name = "LatestRevisionDate"; Value = "17-Jul-2002"; VariantName = "[No Variations]"
Add component (AddParameter): Name = "LatestRevisionNote"; Value = "Re-released for DXP Platform."; VariantName = "[No Variations]"
Add component (AddParameter): Name = "Publisher"; Value = "Altium Limited"; VariantName = "[No Variations]"
Added Component: Designator=P3(HDR1X6)
Add component. Clean all parameters for all variants
Add component (AddParameter): Name = "LatestRevisionDate"; Value = "17-Jul-2002"; VariantName = "[No Variations]"
Add component (AddParameter): Name = "LatestRevisionNote"; Value = "Re-released for DXP Platform."; VariantName = "[No Variations]"
Add component (AddParameter): Name = "Publisher"; Value = "Altium Limited"; VariantName = "[No Variations]"
Added Component: Designator=P4(HDR1X3)
Add component. Clean all parameters for all variants
Add component (AddParameter): Name = "LatestRevisionDate"; Value = "17-Jul-2002"; VariantName = "[No Variations]"
Add component (AddParameter): Name = "LatestRevisionNote"; Value = "Re-released for DXP Platform."; VariantName = "[No Variations]"
Add component (AddParameter): Name = "Publisher"; Value = "Altium Limited"; VariantName = "[No Variations]"
Added Component: Designator=P5(HDR1X3)
Add component. Clean all parameters for all variants
Add component (AddParameter): Name = "LatestRevisionDate"; Value = "17-Jul-2002"; VariantName = "[No Variations]"
Add component (AddParameter): Name = "LatestRevisionNote"; Value = "Re-released for DXP Platform."; VariantName = "[No Variations]"
Add component (AddParameter): Name = "Publisher"; Value = "Altium Limited"; VariantName = "[No Variations]"
Added Component: Designator=P6(HDR1X3)
Add component. Clean all parameters for all variants
Add component (AddParameter): Name = "LatestRevisionDate"; Value = "17-Jul-2002"; VariantName = "[No Variations]"
Add component (AddParameter): Name = "LatestRevisionNote"; Value = "Re-released for DXP Platform."; VariantName = "[No Variations]"
Add component (AddParameter): Name = "Publisher"; Value = "Altium Limited"; VariantName = "[No Variations]"
Added Component: Designator=Q1(SOT23_N)
Add component. Clean all parameters for all variants
Add component (AddParameter): Name = "LatestRevisionDate"; Value = "17-Jul-2002"; VariantName = "[No Variations]"
Add component (AddParameter): Name = "LatestRevisionNote"; Value = "Re-released for DXP Platform."; VariantName = "[No Variations]"
Add component (AddParameter): Name = "PackageDocument"; Value = "1995/1996"; VariantName = "[No Variations]"
Add component (AddParameter): Name = "PackageReference"; Value = "E3"; VariantName = "[No Variations]"
Add component (AddParameter): Name = "Published"; Value = "8-Jun-2000"; VariantName = "[No Variations]"
Add component (AddParameter): Name = "Publisher"; Value = "Altium Limited"; VariantName = "[No Variations]"
Added Component: Designator=R1(AXIAL-0.3)
Add component. Clean all parameters for all variants
Add component (AddParameter): Name = "LatestRevisionDate"; Value = "17-Jul-2002"; VariantName = "[No Variations]"
Add component (AddParameter): Name = "LatestRevisionNote"; Value = "Re-released for DXP Platform."; VariantName = "[No Variations]"
Add component (AddParameter): Name = "PackageDescription"; Value = "Axial Device, Thru-Hole; 2 Leads; 0.3 in Pin Spacing"; VariantName = "[No Variations]"
Add component (AddParameter): Name = "PackageReference"; Value = "AXIAL-0.3"; VariantName = "[No Variations]"
Add component (AddParameter): Name = "Published"; Value = "8-Jun-2000"; VariantName = "[No Variations]"
Add component (AddParameter): Name = "Publisher"; Value = "Altium Limited"; VariantName = "[No Variations]"
Add component (AddParameter): Name = "Value"; Value = "1K"; VariantName = "[No Variations]"
Added Component: Designator=R2(AXIAL-0.3)
Add component. Clean all parameters for all variants
Add component (AddParameter): Name = "LatestRevisionDate"; Value = "17-Jul-2002"; VariantName = "[No Variations]"
Add component (AddParameter): Name = "LatestRevisionNote"; Value = "Re-released for DXP Platform."; VariantName = "[No Variations]"
Add component (AddParameter): Name = "PackageDescription"; Value = "Axial Device, Thru-Hole; 2 Leads; 0.3 in Pin Spacing"; VariantName = "[No Variations]"
Add component (AddParameter): Name = "PackageReference"; Value = "AXIAL-0.3"; VariantName = "[No Variations]"
Add component (AddParameter): Name = "Published"; Value = "8-Jun-2000"; VariantName = "[No Variations]"
Add component (AddParameter): Name = "Publisher"; Value = "Altium Limited"; VariantName = "[No Variations]"
Add component (AddParameter): Name = "Value"; Value = "1K"; VariantName = "[No Variations]"
Added Component: Designator=R3(AXIAL-0.3)
Add component. Clean all parameters for all variants
Add component (AddParameter): Name = "LatestRevisionDate"; Value = "17-Jul-2002"; VariantName = "[No Variations]"
Add component (AddParameter): Name = "LatestRevisionNote"; Value = "Re-released for DXP Platform."; VariantName = "[No Variations]"
Add component (AddParameter): Name = "PackageDescription"; Value = "Axial Device, Thru-Hole; 2 Leads; 0.3 in Pin Spacing"; VariantName = "[No Variations]"
Add component (AddParameter): Name = "PackageReference"; Value = "AXIAL-0.3"; VariantName = "[No Variations]"
Add component (AddParameter): Name = "Published"; Value = "8-Jun-2000"; VariantName = "[No Variations]"
Add component (AddParameter): Name = "Publisher"; Value = "Altium Limited"; VariantName = "[No Variations]"
Add component (AddParameter): Name = "Value"; Value = "1K"; VariantName = "[No Variations]"
Added Component: Designator=R4(6-0805_N)
Add component. Clean all parameters for all variants
Added Component: Designator=R5(6-0805_N)
Add component. Clean all parameters for all variants
Added Component: Designator=R6(6-0805_N)
Add component. Clean all parameters for all variants
Added Component: Designator=R7(6-0805_N)
Add component. Clean all parameters for all variants
Added Component: Designator=R8(6-0805_N)
Add component. Clean all parameters for all variants
Added Component: Designator=R9(6-0805_N)
Add component. Clean all parameters for all variants
Added Component: Designator=R10(6-0805_N)
Add component. Clean all parameters for all variants
Added Component: Designator=R11(6-0805_N)
Add component. Clean all parameters for all variants
Added Component: Designator=R12(6-0805_N)
Add component. Clean all parameters for all variants
Added Component: Designator=R13(6-0805_N)
Add component. Clean all parameters for all variants
Added Component: Designator=U3(DIP-4)
Add component. Clean all parameters for all variants
Add component (AddParameter): Name = "DatasheetVersion"; Value = "Nov-2003"; VariantName = "[No Variations]"
Add component (AddParameter): Name = "LatestRevisionDate"; Value = "04-Mar-2005"; VariantName = "[No Variations]"
Add component (AddParameter): Name = "LatestRevisionNote"; Value = "Sch pins 3 & 4 Swapped."; VariantName = "[No Variations]"
Add component (AddParameter): Name = "PackageReference"; Value = "DIP-4"; VariantName = "[No Variations]"
Add component (AddParameter): Name = "Published"; Value = "24-Mar-1999"; VariantName = "[No Variations]"
Add component (AddParameter): Name = "Publisher"; Value = "Altium Limited"; VariantName = "[No Variations]"
Added Component: Designator=U4(DIP-4)
Add component. Clean all parameters for all variants
Add component (AddParameter): Name = "DatasheetVersion"; Value = "Nov-2003"; VariantName = "[No Variations]"
Add component (AddParameter): Name = "LatestRevisionDate"; Value = "04-Mar-2005"; VariantName = "[No Variations]"
Add component (AddParameter): Name = "LatestRevisionNote"; Value = "Sch pins 3 & 4 Swapped."; VariantName = "[No Variations]"
Add component (AddParameter): Name = "PackageReference"; Value = "DIP-4"; VariantName = "[No Variations]"
Add component (AddParameter): Name = "Published"; Value = "24-Mar-1999"; VariantName = "[No Variations]"
Add component (AddParameter): Name = "Publisher"; Value = "Altium Limited"; VariantName = "[No Variations]"
Added Component: Designator=U5(DIP-4)
Add component. Clean all parameters for all variants
Add component (AddParameter): Name = "DatasheetVersion"; Value = "Nov-2003"; VariantName = "[No Variations]"
Add component (AddParameter): Name = "LatestRevisionDate"; Value = "04-Mar-2005"; VariantName = "[No Variations]"
Add component (AddParameter): Name = "LatestRevisionNote"; Value = "Sch pins 3 & 4 Swapped."; VariantName = "[No Variations]"
Add component (AddParameter): Name = "PackageReference"; Value = "DIP-4"; VariantName = "[No Variations]"
Add component (AddParameter): Name = "Published"; Value = "24-Mar-1999"; VariantName = "[No Variations]"
Add component (AddParameter): Name = "Publisher"; Value = "Altium Limited"; VariantName = "[No Variations]"
Added Component: Designator=U6(DIP-4)
Add component. Clean all parameters for all variants
Add component (AddParameter): Name = "DatasheetVersion"; Value = "Nov-2003"; VariantName = "[No Variations]"
Add component (AddParameter): Name = "LatestRevisionDate"; Value = "04-Mar-2005"; VariantName = "[No Variations]"
Add component (AddParameter): Name = "LatestRevisionNote"; Value = "Sch pins 3 & 4 Swapped."; VariantName = "[No Variations]"
Add component (AddParameter): Name = "PackageReference"; Value = "DIP-4"; VariantName = "[No Variations]"
Add component (AddParameter): Name = "Published"; Value = "24-Mar-1999"; VariantName = "[No Variations]"
Add component (AddParameter): Name = "Publisher"; Value = "Altium Limited"; VariantName = "[No Variations]"
Added Pin To Net: NetName=VCC Pin=C1-1
Added Pin To Net: NetName=GND Pin=C1-2
Added Pin To Net: NetName=3.3V Pin=C2-1
Added Pin To Net: NetName=GND Pin=C2-2
Added Pin To Net: NetName=3.3V Pin=ESP1-3
Added Pin To Net: NetName=DS Pin=ESP1-4
Added Pin To Net: NetName=SHCP Pin=ESP1-5
Added Pin To Net: NetName=STCP Pin=ESP1-6
Added Pin To Net: NetName=OE Pin=ESP1-7
Added Pin To Net: NetName=3.3V Pin=ESP1-8
Added Pin To Net: NetName=GND Pin=ESP1-9
Added Pin To Net: NetName=GND Pin=ESP1-10
Added Pin To Net: NetName=RLED Pin=ESP1-11
Added Pin To Net: NetName=GPIO0 Pin=ESP1-12
Added Pin To Net: NetName=GLED Pin=ESP1-13
Added Pin To Net: NetName=BLED Pin=ESP1-14
Added Pin To Net: NetName=RXD Pin=ESP1-15
Added Pin To Net: NetName=TXD Pin=ESP1-16
Added Pin To Net: NetName=VCC Pin=P1-1
Added Pin To Net: NetName=GND Pin=P1-3
Added Pin To Net: NetName=NetP2_1 Pin=P2-1
Added Pin To Net: NetName=GND Pin=P2-2
Added Pin To Net: NetName=NetP2_3 Pin=P2-3
Added Pin To Net: NetName=NetP2_4 Pin=P2-4
Added Pin To Net: NetName=VCC Pin=P3-1
Added Pin To Net: NetName=RX Pin=P3-2
Added Pin To Net: NetName=TXD Pin=P3-3
Added Pin To Net: NetName=GND Pin=P3-4
Added Pin To Net: NetName=GND Pin=P3-5
Added Pin To Net: NetName=GPIO0 Pin=P3-6
Added Pin To Net: NetName=VDD Pin=P4-1
Added Pin To Net: NetName=NetD1_1 Pin=P4-3
Added Pin To Net: NetName=NetD2_1 Pin=P5-1
Added Pin To Net: NetName=NetD3_1 Pin=P5-3
Added Pin To Net: NetName=NetD4_1 Pin=P6-1
Added Pin To Net: NetName=COM Pin=P6-3
Added Pin To Net: NetName=RX Pin=Q1-1
Added Pin To Net: NetName=RXD Pin=Q1-2
Added Pin To Net: NetName=3.3V Pin=Q1-3
Added Pin To Net: NetName=NetP2_1 Pin=R1-1
Added Pin To Net: NetName=RLED Pin=R1-2
Added Pin To Net: NetName=NetP2_3 Pin=R2-1
Added Pin To Net: NetName=GLED Pin=R2-2
Added Pin To Net: NetName=NetP2_4 Pin=R3-1
Added Pin To Net: NetName=BLED Pin=R3-2
Added Pin To Net: NetName=3.3V Pin=R4-1
Added Pin To Net: NetName=RXD Pin=R4-2
Added Pin To Net: NetName=VCC Pin=R5-1
Added Pin To Net: NetName=RX Pin=R5-2
Added Pin To Net: NetName=NetR6_1 Pin=R6-1
Added Pin To Net: NetName=NetR6_2 Pin=R6-2
Added Pin To Net: NetName=NetR7_1 Pin=R7-1
Added Pin To Net: NetName=NetR7_2 Pin=R7-2
Added Pin To Net: NetName=NetR8_1 Pin=R8-1
Added Pin To Net: NetName=NetR8_2 Pin=R8-2
Added Pin To Net: NetName=NetR9_1 Pin=R9-1
Added Pin To Net: NetName=NetR9_2 Pin=R9-2
Added Pin To Net: NetName=NetR10_1 Pin=R10-1
Added Pin To Net: NetName=NetQ2_1 Pin=R10-2
Added Pin To Net: NetName=NetR11_1 Pin=R11-1
Added Pin To Net: NetName=NetQ3_1 Pin=R11-2
Added Pin To Net: NetName=NetR12_1 Pin=R12-1
Added Pin To Net: NetName=NetQ4_1 Pin=R12-2
Added Pin To Net: NetName=NetR13_1 Pin=R13-1
Added Pin To Net: NetName=NetQ5_1 Pin=R13-2
Added Pin To Net: NetName=NetR6_2 Pin=U3-1
Added Pin To Net: NetName=GND Pin=U3-2
Added Pin To Net: NetName=NetR10_1 Pin=U3-3
Added Pin To Net: NetName=VDD Pin=U3-4
Added Pin To Net: NetName=NetR7_2 Pin=U4-1
Added Pin To Net: NetName=GND Pin=U4-2
Added Pin To Net: NetName=NetR11_1 Pin=U4-3
Added Pin To Net: NetName=VDD Pin=U4-4
Added Pin To Net: NetName=NetR8_2 Pin=U5-1
Added Pin To Net: NetName=GND Pin=U5-2
Added Pin To Net: NetName=NetR12_1 Pin=U5-3
Added Pin To Net: NetName=VDD Pin=U5-4
Added Pin To Net: NetName=NetR9_2 Pin=U6-1
Added Pin To Net: NetName=GND Pin=U6-2
Added Pin To Net: NetName=NetR13_1 Pin=U6-3
Added Pin To Net: NetName=VDD Pin=U6-4
Added Member To Class: ClassName=REMO_4OUT Member=Component C1 Cap2
Added Member To Class: ClassName=REMO_4OUT Member=Component C2 Cap2
Added Member To Class: ClassName=REMO_4OUT Member=Component ESP1 ESP-07
Added Member To Class: ClassName=REMO_4OUT Member=Component P1 5VDC
Added Member To Class: ClassName=REMO_4OUT Member=Component P2 LED
Added Member To Class: ClassName=REMO_4OUT Member=Component P3 Downloader
Added Member To Class: ClassName=REMO_4OUT Member=Component P4 Header 3
Added Member To Class: ClassName=REMO_4OUT Member=Component P5 Header 3
Added Member To Class: ClassName=REMO_4OUT Member=Component P6 Header 3
Added Member To Class: ClassName=REMO_4OUT Member=Component Q1 MOSFET-N
Added Member To Class: ClassName=REMO_4OUT Member=Component R1 Res1
Added Member To Class: ClassName=REMO_4OUT Member=Component R2 Res1
Added Member To Class: ClassName=REMO_4OUT Member=Component R3 Res1
Added Member To Class: ClassName=REMO_4OUT Member=Component R4 220
Added Member To Class: ClassName=REMO_4OUT Member=Component R5 220
Added Member To Class: ClassName=REMO_4OUT Member=Component R6 220
Added Member To Class: ClassName=REMO_4OUT Member=Component R7 220
Added Member To Class: ClassName=REMO_4OUT Member=Component R8 220
Added Member To Class: ClassName=REMO_4OUT Member=Component R9 220
Added Member To Class: ClassName=REMO_4OUT Member=Component R10 100
Added Member To Class: ClassName=REMO_4OUT Member=Component R11 100
Added Member To Class: ClassName=REMO_4OUT Member=Component R12 100
Added Member To Class: ClassName=REMO_4OUT Member=Component R13 100
Added Member To Class: ClassName=REMO_4OUT Member=Component U3 PC817
Added Member To Class: ClassName=REMO_4OUT Member=Component U4 PC817
Added Member To Class: ClassName=REMO_4OUT Member=Component U5 PC817
Added Member To Class: ClassName=REMO_4OUT Member=Component U6 PC817
Added Room: Name=REMO_4OUT
